Handbrake Version: 1.1.2 (2018091000)
[20:29:10] gtkgui: Modified Preset: /General/Fast 1080p30
[20:29:10] 1 job(s) to process
[20:29:10] json job:
{
    "Audio": {
        "AudioList": [],
        "CopyMask": [],
        "FallbackEncoder": 0
    },
    "Destination": {
        "AlignAVStart": false,
        "ChapterList": [
            {
                "Name": ""
            }
        ],
        "ChapterMarkers": false,
        "File": "/home/moritz/Documents/abstract_77_01.mkv",
        "InlineParameterSets": false,
        "Mp4Options": {
            "IpodAtom": false,
            "Mp4Optimize": false
        },
        "Mux": "mkv"
    },
    "Filters": {
        "FilterList": [
            {
                "ID": 3,
                "Settings": {
                    "block-height": "16",
                    "block-thresh": "40",
                    "block-width": "16",
                    "filter-mode": "2",
                    "mode": "3",
                    "motion-thresh": "1",
                    "spatial-metric": "2",
                    "spatial-thresh": "1"
                }
            },
            {
                "ID": 4,
                "Settings": {
                    "mode": "7"
                }
            },
            {
                "ID": 6,
                "Settings": {
                    "mode": 2,
                    "rate": "27000000/900000"
                }
            },
            {
                "ID": 11,
                "Settings": {
                    "crop-bottom": 0,
                    "crop-left": 0,
                    "crop-right": 0,
                    "crop-top": 0,
                    "height": 1080,
                    "width": 1500
                }
            }
        ]
    },
    "Metadata": {
        "Name": "abstract_77_01"
    },
    "PAR": {
        "Den": 25,
        "Num": 18
    },
    "SequenceID": 0,
    "Source": {
        "Angle": 0,
        "Path": "/media/moritz/Transcend/Work/Website/Freelancercom/abstract_77_01.m4v",
        "Range": {
            "End": 1,
            "Start": 1,
            "Type": "chapter"
        },
        "Title": 1
    },
    "Subtitle": {
        "Search": {
            "Burn": true,
            "Default": false,
            "Enable": false,
            "Forced": false
        },
        "SubtitleList": []
    },
    "Video": {
        "ColorMatrixCode": 0,
        "Encoder": "x264",
        "Level": "4.0",
        "Options": "",
        "Preset": "fast",
        "Profile": "main",
        "QSV": {
            "AsyncDepth": 4,
            "Decode": false
        },
        "Quality": 22.0,
        "Tune": "",
        "Turbo": false,
        "TwoPass": false
    }
}
[20:29:10] CPU: Intel(R) Core(TM) i7-5500U CPU @ 2.40GHz
[20:29:10]  - Intel microarchitecture Broadwell
[20:29:10]  - logical processor count: 4
[20:29:10] hb_scan: path=/media/moritz/Transcend/Work/Website/Freelancercom/abstract_77_01.m4v, title_index=1
udfread ERROR: ECMA 167 Volume Recognition failed
disc.c:323: failed opening UDF image /media/moritz/Transcend/Work/Website/Freelancercom/abstract_77_01.m4v
disc.c:424: error opening file BDMV/index.bdmv
disc.c:424: error opening file BDMV/BACKUP/index.bdmv
[20:29:10] bd: not a bd - trying as a stream/file instead
libdvdnav: Using dvdnav version 6.0.0
libdvdread: Encrypted DVD support unavailable.
libdvdread:DVDOpenFileUDF:UDFFindFile /VIDEO_TS/VIDEO_TS.IFO failed
libdvdread:DVDOpenFileUDF:UDFFindFile /VIDEO_TS/VIDEO_TS.BUP failed
libdvdread: Can't open file VIDEO_TS.IFO.
libdvdnav: vm: failed to read VIDEO_TS.IFO
[20:29:10] dvd: not a dvd - trying as a stream/file instead
Input #0, mov,mp4,m4a,3gp,3g2,mj2, from '/media/moritz/Transcend/Work/Website/Freelancercom/abstract_77_01.m4v':
  Metadata:
    major_brand     : mp42
    minor_version   : 512
    compatible_brands: isomiso2avc1mp41
    creation_time   : 2018-09-14 18:26:58
    title           : abstract_77_01
    encoder         : HandBrake 1.1.2 2018091000
  Duration: 00:00:10.41, start: 0.000000, bitrate: 7428 kb/s
    Stream #0:0(und): Video: h264 (Main) [avc1 / 0x31637661]
      yuv420p, tv, bt709/bt709/bt709
      1500x1080 [PAR 18:25 DAR 1:1], 7424 kb/s, PAR 18:25 DAR 1:1
      24 fps, 90k tbn (default)
    Metadata:
      creation_time   : 2018-09-14 18:26:58
      handler_name    : VideoHandler
[20:29:10] scan: decoding previews for title 1
[20:29:11] scan: 10 previews, 1500x1080, 24,000 fps, autocrop = 0/0/0/0, aspect 1,00:1, PAR 18:25
[20:29:11] libhb: scan thread found 1 valid title(s)
[20:29:11] starting job
[20:29:11] decomb filter thread started for segment 0
[20:29:11] decomb filter thread started for segment 1
[20:29:11] decomb filter thread started for segment 3
[20:29:11] decomb check thread started for segment 0
[20:29:11] decomb check thread started for segment 1
[20:29:11] decomb check thread started for segment 2
[20:29:11] decomb filter thread started for segment 2
[20:29:11] mask filter thread started for segment 0
[20:29:11] mask filter thread started for segment 2
[20:29:11] mask filter thread started for segment 1
[20:29:11] mask filter thread started for segment 3
[20:29:11] mask erode thread started for segment 0
[20:29:11] mask erode thread started for segment 1
[20:29:11] mask erode thread started for segment 2
[20:29:11] mask erode thread started for segment 3
[20:29:11] mask dilate thread started for segment 0
[20:29:11] mask dilate thread started for segment 1
[20:29:11] mask dilate thread started for segment 3
[20:29:11] mask dilate thread started for segment 2
[20:29:11] yadif thread started for segment 0
[20:29:11] yadif thread started for segment 1
[20:29:11] yadif thread started for segment 2
[20:29:11] yadif thread started for segment 3
[20:29:11] job configuration:
[20:29:11]  * source
[20:29:11]    + /media/moritz/Transcend/Work/Website/Freelancercom/abstract_77_01.m4v
[20:29:11]    + title 1, chapter(s) 1 to 1
[20:29:11]    + container: mov,mp4,m4a,3gp,3g2,mj2
[20:29:11]    + data rate: 7428 kbps
[20:29:11]  * destination
[20:29:11]    + /home/moritz/Documents/abstract_77_01.mkv
[20:29:11]    + container: Matroska (libavformat)
[20:29:11]  * video track
[20:29:11]    + decoder: h264
[20:29:11]      + bitrate 7424 kbps
[20:29:11]    + filters
[20:29:11]      + Comb Detect (mode=3:spatial-metric=2:motion-thresh=1:spatial-thresh=1:filter-mode=2:block-thresh=40:block-width=16:block-height=16)
[20:29:11]      + Decomb (mode=39)
[20:29:11]      + Framerate Shaper (mode=2:rate=27000000/900000)
[20:29:11]        + frame rate: 24,000 fps -> peak rate limited to 30,000 fps
[20:29:11]      + Crop and Scale (width=1500:height=1080:crop-top=0:crop-bottom=0:crop-left=0:crop-right=0)
[20:29:11]        + source: 1500 * 1080, crop (0/0/0/0): 1500 * 1080, scale: 1500 * 1080
[20:29:11]    + Output geometry
[20:29:11]      + storage dimensions: 1500 x 1080
[20:29:11]      + pixel aspect ratio: 18 : 25
[20:29:11]      + display dimensions: 1080 x 1080
[20:29:11]    + encoder: H.264 (libx264)
[20:29:11]      + preset:  fast
[20:29:11]      + profile: main
[20:29:11]      + level:   4.0
[20:29:11]      + quality: 22,00 (RF)
[20:29:11] decomb check thread started for segment 3
[20:29:11] sync: expecting 250 video frames
[20:29:11] encx264: min-keyint: 24, keyint: 240
[20:29:11] encx264: encoding at constant RF 22,000000
[20:29:11] encx264: unparsed options: level=4.0:ref=2:8x8dct=0:weightp=1:subme=6:vbv-bufsize=25000:vbv-maxrate=20000:rc-lookahead=30
x264 [info]: using SAR=18/25
x264 [info]: using cpu capabilities: MMX2 SSE2Fast SSSE3 SSE4.2 AVX FMA3 BMI2 AVX2
x264 [info]: profile Main, level 4.0
[20:29:11] sync: first pts video is 0
[20:29:11] sync: Chapter 1 at frame 1 time 0
[20:29:21] reader: done. 1 scr changes
[20:29:31] work: average encoding speed for job is 17,152399 fps
[20:29:31] comb detect: heavy 59 | light 108 | uncombed 83 | total 250
[20:29:31] decomb: deinterlaced 59 | blended 108 | unfiltered 83 | total 250
[20:29:31] vfr: 250 frames output, 0 dropped and 0 duped for CFR/PFR
[20:29:31] vfr: lost time: 0 (0 frames)
[20:29:31] vfr: gained time: 0 (0 frames) (0 not accounted for)
[20:29:31] h264-decoder done: 250 frames, 0 decoder errors
[20:29:31] sync: got 250 frames, 250 expected
[20:29:31] sync: framerate min 24,000 fps, max 24,000 fps, avg 24,000 fps
x264 [info]: frame I:2     Avg QP:20,26  size: 81410
x264 [info]: frame P:69    Avg QP:21,14  size: 73575
x264 [info]: frame B:179   Avg QP:24,48  size: 29436
x264 [info]: consecutive B-frames:  0,8%  8,8%  7,2% 83,2%
x264 [info]: mb I  I16..4: 62,5%  0,0% 37,5%
x264 [info]: mb P  I16..4: 14,5%  0,0%  8,3%  P16..4: 37,1% 19,8%  9,1%  0,0%  0,0%    skip:11,1%
x264 [info]: mb B  I16..4:  6,9%  0,0%  1,4%  B16..8: 37,0% 18,5%  2,4%  direct: 8,3%  skip:25,6%  L0:44,8% L1:40,1% BI:15,1%
x264 [info]: coded y,uvDC,uvAC intra: 26,2% 50,3% 23,7% inter: 18,9% 32,7% 9,9%
x264 [info]: i16 v,h,dc,p: 37% 30% 26%  7%
x264 [info]: i4 v,h,dc,ddl,ddr,vr,hd,vl,hu: 15% 35% 28%  3%  3%  2%  6%  2%  6%
x264 [info]: i8c dc,h,v,p: 58% 25% 14%  2%
x264 [info]: Weighted P-Frames: Y:24,6% UV:18,8%
x264 [info]: ref P L0: 66,5% 33,5%
x264 [info]: ref B L0: 80,6% 19,4%
x264 [info]: ref B L1: 93,6%  6,4%
x264 [info]: kb/s:8070,57
[20:29:31] mux: track 0, 250 frames, 10508464 bytes, 8038,35 kbps, fifo 256
[20:29:31] libhb: work result = 0
