Handbrake Version: 1.1.1 (2018061800)
[17:38:36] gtkgui: Modified Preset: /General/Fast 1080p30
[17:38:36] 1 job(s) to process
[17:38:36] json job:
{
    "Audio": {
        "AudioList": [],
        "CopyMask": [],
        "FallbackEncoder": 0
    },
    "Destination": {
        "AlignAVStart": true,
        "ChapterList": [
            {
                "Name": ""
            }
        ],
        "ChapterMarkers": false,
        "File": "/media/moritz/Transcend/Work/3D/Abstract_art/small_projects_10/abstract_118/abstract_118_animation.m4v",
        "InlineParameterSets": false,
        "Mp4Options": {
            "IpodAtom": false,
            "Mp4Optimize": true
        },
        "Mux": "m4v"
    },
    "Filters": {
        "FilterList": [
            {
                "ID": 3,
                "Settings": {
                    "block-height": "16",
                    "block-thresh": "40",
                    "block-width": "16",
                    "filter-mode": "2",
                    "mode": "3",
                    "motion-thresh": "1",
                    "spatial-metric": "2",
                    "spatial-thresh": "1"
                }
            },
            {
                "ID": 4,
                "Settings": {
                    "mode": "7"
                }
            },
            {
                "ID": 6,
                "Settings": {
                    "mode": 2,
                    "rate": "27000000/900000"
                }
            },
            {
                "ID": 11,
                "Settings": {
                    "crop-bottom": 0,
                    "crop-left": 0,
                    "crop-right": 0,
                    "crop-top": 60,
                    "height": 1080,
                    "width": 1200
                }
            }
        ]
    },
    "Metadata": {
        "Name": "abstract_118_animation"
    },
    "PAR": {
        "Den": 19,
        "Num": 18
    },
    "SequenceID": 0,
    "Source": {
        "Angle": 0,
        "Path": "/media/moritz/Transcend/Work/3D/Abstract_art/small_projects_10/abstract_118/abstract_118_animation.avi",
        "Range": {
            "End": 1,
            "Start": 1,
            "Type": "chapter"
        },
        "Title": 1
    },
    "Subtitle": {
        "Search": {
            "Burn": true,
            "Default": false,
            "Enable": false,
            "Forced": false
        },
        "SubtitleList": []
    },
    "Video": {
        "ColorMatrixCode": 0,
        "Encoder": "x264",
        "Level": "4.0",
        "Options": "",
        "Preset": "fast",
        "Profile": "main",
        "QSV": {
            "AsyncDepth": 4,
            "Decode": false
        },
        "Quality": 22.0,
        "Tune": "",
        "Turbo": false,
        "TwoPass": false
    }
}
[17:38:36] CPU: Intel(R) Core(TM) i7-5500U CPU @ 2.40GHz
[17:38:36]  - Intel microarchitecture Broadwell
[17:38:36]  - logical processor count: 4
[17:38:36] hb_scan: path=/media/moritz/Transcend/Work/3D/Abstract_art/small_projects_10/abstract_118/abstract_118_animation.avi, title_index=1
udfread ERROR: ECMA 167 Volume Recognition failed
disc.c:323: failed opening UDF image /media/moritz/Transcend/Work/3D/Abstract_art/small_projects_10/abstract_118/abstract_118_animation.avi
disc.c:424: error opening file BDMV/index.bdmv
disc.c:424: error opening file BDMV/BACKUP/index.bdmv
[17:38:36] bd: not a bd - trying as a stream/file instead
libdvdnav: Using dvdnav version 5.0.3
libdvdread: Encrypted DVD support unavailable.
libdvdread:DVDOpenFileUDF:UDFFindFile /VIDEO_TS/VIDEO_TS.IFO failed
libdvdread:DVDOpenFileUDF:UDFFindFile /VIDEO_TS/VIDEO_TS.BUP failed
libdvdread: Can't open file VIDEO_TS.IFO.
libdvdnav: vm: failed to read VIDEO_TS.IFO
[17:38:36] dvd: not a dvd - trying as a stream/file instead
Input #0, avi, from '/media/moritz/Transcend/Work/3D/Abstract_art/small_projects_10/abstract_118/abstract_118_animation.avi':
  Duration: 00:00:04.99, start: 0.000000, bitrate: 47164 kb/s
    Stream #0:0: Video: mjpeg [MJPG / 0x47504A4D]
      yuvj422p, pc, bt470bg/unknown/unknown
      1200x1200
      24 fps, 24 tbn
[17:38:36] scan: decoding previews for title 1
[17:38:36] scan: 10 previews, 1200x1200, 24,000 fps, autocrop = 60/0/0/0, aspect 1,00:1, PAR 1:1
[17:38:36] libhb: scan thread found 1 valid title(s)
[17:38:36] starting job
[17:38:36] decomb filter thread started for segment 0
[17:38:36] decomb filter thread started for segment 1
[17:38:36] decomb check thread started for segment 0
[17:38:36] decomb check thread started for segment 1
[17:38:36] decomb filter thread started for segment 2
[17:38:36] decomb filter thread started for segment 3
[17:38:36] decomb check thread started for segment 2
[17:38:36] decomb check thread started for segment 3
[17:38:36] mask filter thread started for segment 1
[17:38:36] mask filter thread started for segment 2
[17:38:36] mask filter thread started for segment 3
[17:38:36] mask erode thread started for segment 0
[17:38:36] mask erode thread started for segment 2
[17:38:36] mask erode thread started for segment 1
[17:38:36] mask erode thread started for segment 3
[17:38:36] mask dilate thread started for segment 0
[17:38:36] mask dilate thread started for segment 2
[17:38:36] mask dilate thread started for segment 1
[17:38:36] mask dilate thread started for segment 3
[17:38:36] yadif thread started for segment 0
[17:38:36] yadif thread started for segment 1
[17:38:36] job configuration:
[17:38:36] yadif thread started for segment 3
[17:38:36] yadif thread started for segment 2
[17:38:36]  * source
[17:38:36]    + /media/moritz/Transcend/Work/3D/Abstract_art/small_projects_10/abstract_118/abstract_118_animation.avi
[17:38:36]    + title 1, chapter(s) 1 to 1
[17:38:36]    + container: avi
[17:38:36]    + data rate: 47164 kbps
[17:38:36]  * destination
[17:38:36]    + /media/moritz/Transcend/Work/3D/Abstract_art/small_projects_10/abstract_118/abstract_118_animation.m4v
[17:38:36]    + container: MPEG-4 (libavformat)
[17:38:36]      + optimized for HTTP streaming (fast start)
[17:38:36]      + align initial A/V stream timestamps
[17:38:36]  * video track
[17:38:36]    + decoder: mjpeg
[17:38:36]    + filters
[17:38:36]      + Comb Detect (mode=3:spatial-metric=2:motion-thresh=1:spatial-thresh=1:filter-mode=2:block-thresh=40:block-width=16:block-height=16)
[17:38:36]      + Decomb (mode=39)
[17:38:36]      + Framerate Shaper (mode=2:rate=27000000/900000)
[17:38:36]        + frame rate: 24,000 fps -> peak rate limited to 30,000 fps
[17:38:36]      + Crop and Scale (width=1200:height=1080:crop-top=60:crop-bottom=0:crop-left=0:crop-right=0)
[17:38:36]        + source: 1200 * 1200, crop (60/0/0/0): 1200 * 1140, scale: 1200 * 1080
[17:38:36]    + Output geometry
[17:38:36]      + storage dimensions: 1200 x 1080
[17:38:36]      + pixel aspect ratio: 18 : 19
[17:38:36]      + display dimensions: 1136 x 1080
[17:38:36]    + encoder: H.264 (libx264)
[17:38:36]      + preset:  fast
[17:38:36]      + profile: main
[17:38:36]      + level:   4.0
[17:38:36]      + quality: 22,00 (RF)
[17:38:36] mask filter thread started for segment 0
[17:38:36] sync: expecting 119 video frames
[17:38:36] encx264: min-keyint: 24, keyint: 240
[17:38:36] encx264: encoding at constant RF 22,000000
[17:38:36] encx264: unparsed options: level=4.0:ref=2:8x8dct=0:weightp=1:subme=6:vbv-bufsize=25000:vbv-maxrate=20000:rc-lookahead=30
x264 [info]: using SAR=18/19
x264 [info]: using cpu capabilities: MMX2 SSE2Fast SSSE3 SSE4.2 AVX FMA3 BMI2 AVX2
x264 [info]: profile Main, level 4.0
[17:38:37] sync: first pts video is 0
[17:38:37] sync: Chapter 1 at frame 1 time 0
[17:38:39] reader: done. 1 scr changes
[17:38:44] work: average encoding speed for job is 0,000000 fps
[17:38:44] comb detect: heavy 0 | light 41 | uncombed 79 | total 120
[17:38:44] decomb: deinterlaced 0 | blended 41 | unfiltered 79 | total 120
[17:38:44] vfr: 120 frames output, 0 dropped and 0 duped for CFR/PFR
[17:38:44] vfr: lost time: 0 (0 frames)
[17:38:44] vfr: gained time: 0 (0 frames) (0 not accounted for)
[17:38:44] mjpeg-decoder done: 120 frames, 0 decoder errors
[17:38:44] sync: got 120 frames, 119 expected
[17:38:44] sync: framerate min 24,000 fps, max 24,006 fps, avg 24,000 fps
x264 [info]: frame I:1     Avg QP:18,59  size:100681
x264 [info]: frame P:30    Avg QP:19,48  size: 33661
x264 [info]: frame B:89    Avg QP:22,06  size: 13363
x264 [info]: consecutive B-frames:  0,8%  0,0%  2,5% 96,7%
x264 [info]: mb I  I16..4: 46,5%  0,0% 53,5%
x264 [info]: mb P  I16..4: 13,4%  0,0%  7,5%  P16..4: 33,7%  9,3%  5,5%  0,0%  0,0%    skip:30,7%
x264 [info]: mb B  I16..4:  3,3%  0,0%  1,1%  B16..8: 15,9%  9,9%  1,4%  direct:10,6%  skip:57,7%  L0:42,2% L1:41,3% BI:16,5%
x264 [info]: coded y,uvDC,uvAC intra: 26,5% 58,8% 32,4% inter: 8,0% 25,5% 5,3%
x264 [info]: i16 v,h,dc,p: 53% 25% 17%  5%
x264 [info]: i4 v,h,dc,ddl,ddr,vr,hd,vl,hu: 11% 18% 26%  4% 21%  5%  9%  2%  5%
x264 [info]: i8c dc,h,v,p: 58% 23% 15%  4%
x264 [info]: Weighted P-Frames: Y:0,0% UV:0,0%
x264 [info]: ref P L0: 64,0% 36,0%
x264 [info]: ref B L0: 85,0% 15,0%
x264 [info]: ref B L1: 95,7%  4,3%
x264 [info]: kb/s:3679,72
[17:38:44] mux: track 0, 120 frames, 2299781 bytes, 3649,24 kbps, fifo 128
[17:38:44] libhb: work result = 0
