Handbrake Version: 1.1.1 (2018061800)
[20:32:33] gtkgui: Modified Preset: /General/Fast 1080p30
[20:32:33] 1 job(s) to process
[20:32:33] json job:
{
    "Audio": {
        "AudioList": [],
        "CopyMask": [],
        "FallbackEncoder": 0
    },
    "Destination": {
        "AlignAVStart": false,
        "ChapterList": [
            {
                "Name": ""
            }
        ],
        "ChapterMarkers": false,
        "File": "/home/moritz/Documents/abstract_120_01 (copy).mkv",
        "InlineParameterSets": false,
        "Mp4Options": {
            "IpodAtom": false,
            "Mp4Optimize": false
        },
        "Mux": "mkv"
    },
    "Filters": {
        "FilterList": [
            {
                "ID": 3,
                "Settings": {
                    "block-height": "16",
                    "block-thresh": "40",
                    "block-width": "16",
                    "filter-mode": "2",
                    "mode": "3",
                    "motion-thresh": "1",
                    "spatial-metric": "2",
                    "spatial-thresh": "1"
                }
            },
            {
                "ID": 4,
                "Settings": {
                    "mode": "7"
                }
            },
            {
                "ID": 6,
                "Settings": {
                    "mode": 2,
                    "rate": "27000000/900000"
                }
            },
            {
                "ID": 11,
                "Settings": {
                    "crop-bottom": 0,
                    "crop-left": 0,
                    "crop-right": 0,
                    "crop-top": 0,
                    "height": 1080,
                    "width": 1250
                }
            }
        ]
    },
    "Metadata": {
        "Name": "abstract_120_01 (copy)"
    },
    "PAR": {
        "Den": 125,
        "Num": 108
    },
    "SequenceID": 0,
    "Source": {
        "Angle": 0,
        "Path": "/media/moritz/Transcend/Work/3D/Digital_art/Fusion/Abstract_120/abstract_120_01 (copy).mp4",
        "Range": {
            "End": 1,
            "Start": 1,
            "Type": "chapter"
        },
        "Title": 1
    },
    "Subtitle": {
        "Search": {
            "Burn": true,
            "Default": false,
            "Enable": false,
            "Forced": false
        },
        "SubtitleList": []
    },
    "Video": {
        "ColorMatrixCode": 0,
        "Encoder": "x264",
        "Level": "4.0",
        "Options": "",
        "Preset": "fast",
        "Profile": "main",
        "QSV": {
            "AsyncDepth": 4,
            "Decode": false
        },
        "Quality": 22.0,
        "Tune": "",
        "Turbo": false,
        "TwoPass": false
    }
}
[20:32:33] CPU: Intel(R) Core(TM) i7-5500U CPU @ 2.40GHz
[20:32:33]  - Intel microarchitecture Broadwell
[20:32:33]  - logical processor count: 4
[20:32:33] hb_scan: path=/media/moritz/Transcend/Work/3D/Digital_art/Fusion/Abstract_120/abstract_120_01 (copy).mp4, title_index=1
udfread ERROR: ECMA 167 Volume Recognition failed
disc.c:323: failed opening UDF image /media/moritz/Transcend/Work/3D/Digital_art/Fusion/Abstract_120/abstract_120_01 (copy).mp4
disc.c:424: error opening file BDMV/index.bdmv
disc.c:424: error opening file BDMV/BACKUP/index.bdmv
[20:32:33] bd: not a bd - trying as a stream/file instead
libdvdnav: Using dvdnav version 5.0.3
libdvdread: Encrypted DVD support unavailable.
libdvdread:DVDOpenFileUDF:UDFFindFile /VIDEO_TS/VIDEO_TS.IFO failed
libdvdread:DVDOpenFileUDF:UDFFindFile /VIDEO_TS/VIDEO_TS.BUP failed
libdvdread: Can't open file VIDEO_TS.IFO.
libdvdnav: vm: failed to read VIDEO_TS.IFO
[20:32:33] dvd: not a dvd - trying as a stream/file instead
Input #0, mov,mp4,m4a,3gp,3g2,mj2, from '/media/moritz/Transcend/Work/3D/Digital_art/Fusion/Abstract_120/abstract_120_01 (copy).mp4':
  Metadata:
    major_brand     : isom
    minor_version   : 512
    compatible_brands: isomiso2avc1mp41
    encoder         : Lavf57.83.100
  Duration: 00:00:04.80, start: 0.000000, bitrate: 4263 kb/s
    Stream #0:0(und): Video: h264 (High 4:4:4 Predictive) [avc1 / 0x31637661]
      yuv444p, 1250x1250, 4259 kb/s
      25 fps, 12800 tbn (default)
    Metadata:
      handler_name    : VideoHandler
[20:32:33] scan: decoding previews for title 1
[20:32:34] scan: 10 previews, 1250x1250, 25,000 fps, autocrop = 0/0/0/0, aspect 1,00:1, PAR 1:1
[20:32:34] libhb: scan thread found 1 valid title(s)
[20:32:34] starting job
[20:32:34] decomb filter thread started for segment 0
[20:32:34] job configuration:
[20:32:34] decomb check thread started for segment 1
[20:32:34] mask dilate thread started for segment 3
[20:32:34] decomb filter thread started for segment 1
[20:32:34] decomb filter thread started for segment 2
[20:32:34] decomb check thread started for segment 3
[20:32:34] mask filter thread started for segment 0
[20:32:34] mask filter thread started for segment 2
[20:32:34] mask erode thread started for segment 1
[20:32:34] mask erode thread started for segment 2
[20:32:34] mask dilate thread started for segment 0
[20:32:34] mask dilate thread started for segment 1
[20:32:34] yadif thread started for segment 1
[20:32:34] mask dilate thread started for segment 2
[20:32:34] mask erode thread started for segment 3
[20:32:34] mask erode thread started for segment 0
[20:32:34] mask filter thread started for segment 3
[20:32:34] mask filter thread started for segment 1
[20:32:34] decomb check thread started for segment 0
[20:32:34] decomb filter thread started for segment 3
[20:32:34] decomb check thread started for segment 2
[20:32:34] yadif thread started for segment 0
[20:32:34]  * source
[20:32:34]    + /media/moritz/Transcend/Work/3D/Digital_art/Fusion/Abstract_120/abstract_120_01 (copy).mp4
[20:32:34]    + title 1, chapter(s) 1 to 1
[20:32:34]    + container: mov,mp4,m4a,3gp,3g2,mj2
[20:32:34]    + data rate: 4263 kbps
[20:32:34]  * destination
[20:32:34]    + /home/moritz/Documents/abstract_120_01 (copy).mkv
[20:32:34]    + container: Matroska (libavformat)
[20:32:34]  * video track
[20:32:34]    + decoder: h264
[20:32:34]      + bitrate 4259 kbps
[20:32:34]    + filters
[20:32:34]      + Comb Detect (mode=3:spatial-metric=2:motion-thresh=1:spatial-thresh=1:filter-mode=2:block-thresh=40:block-width=16:block-height=16)
[20:32:34]      + Decomb (mode=39)
[20:32:34]      + Framerate Shaper (mode=2:rate=27000000/900000)
[20:32:34]        + frame rate: 25,000 fps -> peak rate limited to 30,000 fps
[20:32:34]      + Crop and Scale (width=1250:height=1080:crop-top=0:crop-bottom=0:crop-left=0:crop-right=0)
[20:32:34]        + source: 1250 * 1250, crop (0/0/0/0): 1250 * 1250, scale: 1250 * 1080
[20:32:34]    + Output geometry
[20:32:34]      + storage dimensions: 1250 x 1080
[20:32:34]      + pixel aspect ratio: 108 : 125
[20:32:34]      + display dimensions: 1080 x 1080
[20:32:34]    + encoder: H.264 (libx264)
[20:32:34]      + preset:  fast
[20:32:34]      + profile: main
[20:32:34]      + level:   4.0
[20:32:34]      + quality: 22,00 (RF)
[20:32:34] yadif thread started for segment 2
[20:32:34] yadif thread started for segment 3
[20:32:34] sync: expecting 120 video frames
[20:32:34] encx264: encoding at constant RF 22,000000
[20:32:34] encx264: unparsed options: level=4.0:ref=2:8x8dct=0:weightp=1:subme=6:vbv-bufsize=25000:vbv-maxrate=20000:rc-lookahead=30
x264 [info]: using SAR=108/125
x264 [info]: using cpu capabilities: MMX2 SSE2Fast SSSE3 SSE4.2 AVX FMA3 BMI2 AVX2
x264 [info]: profile Main, level 4.0
[20:32:34] sync: first pts video is 0
[20:32:34] sync: Chapter 1 at frame 1 time 0
[20:32:36] reader: done. 1 scr changes
[20:32:42] work: average encoding speed for job is 0,000000 fps
[20:32:42] comb detect: heavy 0 | light 3 | uncombed 117 | total 120
[20:32:42] decomb: deinterlaced 0 | blended 3 | unfiltered 117 | total 120
[20:32:42] vfr: 120 frames output, 0 dropped and 0 duped for CFR/PFR
[20:32:42] vfr: lost time: 0 (0 frames)
[20:32:42] vfr: gained time: 0 (0 frames) (0 not accounted for)
[20:32:42] h264-decoder done: 120 frames, 0 decoder errors
[20:32:42] sync: got 120 frames, 120 expected
[20:32:42] sync: framerate min 25,000 fps, max 25,000 fps, avg 25,000 fps
x264 [info]: frame I:1     Avg QP:20,97  size: 66728
x264 [info]: frame P:31    Avg QP:20,97  size: 37707
x264 [info]: frame B:88    Avg QP:22,47  size: 14280
x264 [info]: consecutive B-frames:  1,7%  1,7%  0,0% 96,7%
x264 [info]: mb I  I16..4: 26,6%  0,0% 73,4%
x264 [info]: mb P  I16..4: 27,6%  0,0% 19,4%  P16..4: 32,3% 14,1%  4,7%  0,0%  0,0%    skip: 2,0%
x264 [info]: mb B  I16..4:  6,0%  0,0%  1,0%  B16..8: 37,9% 13,4%  0,7%  direct:15,2%  skip:25,7%  L0:42,1% L1:47,6% BI:10,3%
x264 [info]: coded y,uvDC,uvAC intra: 25,3% 66,4% 20,3% inter: 10,7% 53,6% 1,0%
x264 [info]: i16 v,h,dc,p: 45% 30% 18%  7%
x264 [info]: i4 v,h,dc,ddl,ddr,vr,hd,vl,hu: 19% 22% 32%  5%  6%  4%  6%  2%  4%
x264 [info]: i8c dc,h,v,p: 52% 27% 16%  5%
x264 [info]: Weighted P-Frames: Y:3,2% UV:3,2%
x264 [info]: ref P L0: 86,0% 14,0%
x264 [info]: ref B L0: 88,5% 11,5%
x264 [info]: ref B L1: 96,9%  3,1%
x264 [info]: kb/s:4153,81
[20:32:42] mux: track 0, 120 frames, 2492239 bytes, 4119,40 kbps, fifo 128
[20:32:42] libhb: work result = 0
