Handbrake Version: 1.1.2 (2018091000)
[20:26:55] gtkgui: Modified Preset: /General/Fast 1080p30
[20:26:55] 1 job(s) to process
[20:26:55] json job:
{
    "Audio": {
        "AudioList": [],
        "CopyMask": [],
        "FallbackEncoder": 0
    },
    "Destination": {
        "AlignAVStart": true,
        "ChapterList": [
            {
                "Name": ""
            }
        ],
        "ChapterMarkers": false,
        "File": "/home/moritz/Documents/abstract_77_01.m4v",
        "InlineParameterSets": false,
        "Mp4Options": {
            "IpodAtom": false,
            "Mp4Optimize": true
        },
        "Mux": "m4v"
    },
    "Filters": {
        "FilterList": [
            {
                "ID": 3,
                "Settings": {
                    "block-height": "16",
                    "block-thresh": "40",
                    "block-width": "16",
                    "filter-mode": "2",
                    "mode": "3",
                    "motion-thresh": "1",
                    "spatial-metric": "2",
                    "spatial-thresh": "1"
                }
            },
            {
                "ID": 4,
                "Settings": {
                    "mode": "7"
                }
            },
            {
                "ID": 6,
                "Settings": {
                    "mode": 2,
                    "rate": "27000000/900000"
                }
            },
            {
                "ID": 11,
                "Settings": {
                    "crop-bottom": 0,
                    "crop-left": 0,
                    "crop-right": 0,
                    "crop-top": 0,
                    "height": 1080,
                    "width": 1500
                }
            }
        ]
    },
    "Metadata": {
        "Name": "abstract_77_01"
    },
    "PAR": {
        "Den": 25,
        "Num": 18
    },
    "SequenceID": 0,
    "Source": {
        "Angle": 0,
        "Path": "/media/moritz/Transcend/Work/Website/Freelancercom/abstract_77_01.mp4",
        "Range": {
            "End": 1,
            "Start": 1,
            "Type": "chapter"
        },
        "Title": 1
    },
    "Subtitle": {
        "Search": {
            "Burn": true,
            "Default": false,
            "Enable": false,
            "Forced": false
        },
        "SubtitleList": []
    },
    "Video": {
        "ColorMatrixCode": 0,
        "Encoder": "x264",
        "Level": "4.0",
        "Options": "",
        "Preset": "fast",
        "Profile": "main",
        "QSV": {
            "AsyncDepth": 4,
            "Decode": false
        },
        "Quality": 22.0,
        "Tune": "",
        "Turbo": false,
        "TwoPass": false
    }
}
[20:26:55] CPU: Intel(R) Core(TM) i7-5500U CPU @ 2.40GHz
[20:26:55]  - Intel microarchitecture Broadwell
[20:26:55]  - logical processor count: 4
[20:26:55] hb_scan: path=/media/moritz/Transcend/Work/Website/Freelancercom/abstract_77_01.mp4, title_index=1
udfread ERROR: ECMA 167 Volume Recognition failed
disc.c:323: failed opening UDF image /media/moritz/Transcend/Work/Website/Freelancercom/abstract_77_01.mp4
disc.c:424: error opening file BDMV/index.bdmv
disc.c:424: error opening file BDMV/BACKUP/index.bdmv
[20:26:55] bd: not a bd - trying as a stream/file instead
libdvdnav: Using dvdnav version 6.0.0
libdvdread: Encrypted DVD support unavailable.
libdvdread:DVDOpenFileUDF:UDFFindFile /VIDEO_TS/VIDEO_TS.IFO failed
libdvdread:DVDOpenFileUDF:UDFFindFile /VIDEO_TS/VIDEO_TS.BUP failed
libdvdread: Can't open file VIDEO_TS.IFO.
libdvdnav: vm: failed to read VIDEO_TS.IFO
[20:26:55] dvd: not a dvd - trying as a stream/file instead
Input #0, mov,mp4,m4a,3gp,3g2,mj2, from '/media/moritz/Transcend/Work/Website/Freelancercom/abstract_77_01.mp4':
  Metadata:
    major_brand     : mp42
    minor_version   : 0
    compatible_brands: mp42mp41
    creation_time   : 2018-02-14 10:54:20
  Duration: 00:00:10.41, start: 0.000000, bitrate: 12376 kb/s
    Stream #0:0(eng): Video: h264 (Main) [avc1 / 0x31637661]
      yuv420p, tv, bt709/bt709/bt709
      1500x1500, 12357 kb/s
      24 fps, 24k tbn (default)
    Metadata:
      creation_time   : 2018-02-14 10:54:20
      handler_name    : Alias Data Handler
      encoder         : AVC Coding
[20:26:55] scan: decoding previews for title 1
[20:26:58] scan: 10 previews, 1500x1500, 24,000 fps, autocrop = 0/0/0/0, aspect 1,00:1, PAR 1:1
[20:26:58] libhb: scan thread found 1 valid title(s)
[20:26:58] starting job
[20:26:58] decomb filter thread started for segment 0
[20:26:58] decomb filter thread started for segment 1
[20:26:58] decomb check thread started for segment 0
[20:26:58] decomb check thread started for segment 1
[20:26:58] decomb check thread started for segment 2
[20:26:58] decomb check thread started for segment 3
[20:26:58] mask filter thread started for segment 0
[20:26:58] mask filter thread started for segment 1
[20:26:58] mask filter thread started for segment 2
[20:26:58] mask filter thread started for segment 3
[20:26:58] mask erode thread started for segment 0
[20:26:58] mask erode thread started for segment 1
[20:26:58] mask erode thread started for segment 2
[20:26:58] mask erode thread started for segment 3
[20:26:58] mask dilate thread started for segment 0
[20:26:58] mask dilate thread started for segment 1
[20:26:58] mask dilate thread started for segment 2
[20:26:58] mask dilate thread started for segment 3
[20:26:58] yadif thread started for segment 0
[20:26:58] yadif thread started for segment 1
[20:26:58] yadif thread started for segment 2
[20:26:58] yadif thread started for segment 3
[20:26:58] job configuration:
[20:26:58]  * source
[20:26:58]    + /media/moritz/Transcend/Work/Website/Freelancercom/abstract_77_01.mp4
[20:26:58]    + title 1, chapter(s) 1 to 1
[20:26:58] decomb filter thread started for segment 2
[20:26:58]    + container: mov,mp4,m4a,3gp,3g2,mj2
[20:26:58]    + data rate: 12376 kbps
[20:26:58]  * destination
[20:26:58]    + /home/moritz/Documents/abstract_77_01.m4v
[20:26:58]    + container: MPEG-4 (libavformat)
[20:26:58]      + optimized for HTTP streaming (fast start)
[20:26:58]      + align initial A/V stream timestamps
[20:26:58]  * video track
[20:26:58]    + decoder: h264
[20:26:58]      + bitrate 12357 kbps
[20:26:58]    + filters
[20:26:58]      + Comb Detect (mode=3:spatial-metric=2:motion-thresh=1:spatial-thresh=1:filter-mode=2:block-thresh=40:block-width=16:block-height=16)
[20:26:58]      + Decomb (mode=39)
[20:26:58]      + Framerate Shaper (mode=2:rate=27000000/900000)
[20:26:58]        + frame rate: 24,000 fps -> peak rate limited to 30,000 fps
[20:26:58]      + Crop and Scale (width=1500:height=1080:crop-top=0:crop-bottom=0:crop-left=0:crop-right=0)
[20:26:58]        + source: 1500 * 1500, crop (0/0/0/0): 1500 * 1500, scale: 1500 * 1080
[20:26:58]    + Output geometry
[20:26:58]      + storage dimensions: 1500 x 1080
[20:26:58]      + pixel aspect ratio: 18 : 25
[20:26:58]      + display dimensions: 1080 x 1080
[20:26:58]    + encoder: H.264 (libx264)
[20:26:58]      + preset:  fast
[20:26:58]      + profile: main
[20:26:58]      + level:   4.0
[20:26:58]      + quality: 22,00 (RF)
[20:26:58] decomb filter thread started for segment 3
[20:26:58] sync: expecting 250 video frames
[20:26:58] encx264: min-keyint: 24, keyint: 240
[20:26:58] encx264: encoding at constant RF 22,000000
[20:26:58] encx264: unparsed options: level=4.0:ref=2:8x8dct=0:weightp=1:subme=6:vbv-bufsize=25000:vbv-maxrate=20000:rc-lookahead=30
x264 [info]: using SAR=18/25
x264 [info]: using cpu capabilities: MMX2 SSE2Fast SSSE3 SSE4.2 AVX FMA3 BMI2 AVX2
x264 [info]: profile Main, level 4.0
[20:26:59] sync: first pts video is 0
[20:26:59] sync: Chapter 1 at frame 1 time 0
[20:27:09] reader: done. 1 scr changes
[20:27:21] work: average encoding speed for job is 15,203870 fps
[20:27:22] comb detect: heavy 49 | light 90 | uncombed 111 | total 250
[20:27:22] decomb: deinterlaced 49 | blended 90 | unfiltered 111 | total 250
[20:27:22] vfr: 250 frames output, 0 dropped and 0 duped for CFR/PFR
[20:27:22] vfr: lost time: 0 (0 frames)
[20:27:22] vfr: gained time: 0 (0 frames) (0 not accounted for)
[20:27:22] h264-decoder done: 250 frames, 0 decoder errors
[20:27:22] sync: got 250 frames, 250 expected
[20:27:22] sync: framerate min 24,000 fps, max 24,000 fps, avg 24,000 fps
x264 [info]: frame I:3     Avg QP:21,08  size: 74842
x264 [info]: frame P:70    Avg QP:22,22  size: 73121
x264 [info]: frame B:177   Avg QP:25,23  size: 24434
x264 [info]: consecutive B-frames:  3,6%  3,2%  8,4% 84,8%
x264 [info]: mb I  I16..4: 46,3%  0,0% 53,7%
x264 [info]: mb P  I16..4:  9,5%  0,0%  7,6%  P16..4: 38,4% 20,8% 11,9%  0,0%  0,0%    skip:11,8%
x264 [info]: mb B  I16..4:  8,6%  0,0%  0,9%  B16..8: 34,7% 17,4%  1,8%  direct: 8,0%  skip:28,5%  L0:41,6% L1:42,6% BI:15,8%
x264 [info]: coded y,uvDC,uvAC intra: 31,8% 44,2% 22,0% inter: 17,6% 31,0% 11,4%
x264 [info]: i16 v,h,dc,p: 32% 27% 32%  9%
x264 [info]: i4 v,h,dc,ddl,ddr,vr,hd,vl,hu: 16% 29% 33%  3%  3%  2%  6%  2%  6%
x264 [info]: i8c dc,h,v,p: 62% 22% 14%  2%
x264 [info]: Weighted P-Frames: Y:28,6% UV:21,4%
x264 [info]: ref P L0: 62,3% 37,7%
x264 [info]: ref B L0: 81,1% 18,9%
x264 [info]: ref B L1: 92,8%  7,2%
x264 [info]: kb/s:7424,94
[20:27:22] mux: track 0, 250 frames, 9667793 bytes, 7395,28 kbps, fifo 256
[20:27:22] libhb: work result = 0
