Handbrake Version: 1.1.1 (2018061800)
[11:02:04] gtkgui: Preset: /Web/Vimeo YouTube HQ 1080p60
[11:02:04] 1 job(s) to process
[11:02:04] json job:
{
    "Audio": {
        "AudioList": [
            {
                "Bitrate": 320,
                "CompressionLevel": -1.0,
                "DRC": 0.0,
                "DitherMethod": "auto",
                "Encoder": "av_aac",
                "Gain": 0.0,
                "Mixdown": "stereo",
                "NormalizeMixLevel": false,
                "PresetEncoder": "av_aac",
                "Quality": -3.0,
                "Samplerate": 48000,
                "Track": 0
            }
        ],
        "CopyMask": [
            "copy:aac"
        ],
        "FallbackEncoder": "av_aac"
    },
    "Destination": {
        "AlignAVStart": true,
        "ChapterList": [
            {
                "Name": ""
            }
        ],
        "ChapterMarkers": false,
        "File": "/home/moritz/Documents/VID_20160516_113817.m4v",
        "InlineParameterSets": false,
        "Mp4Options": {
            "IpodAtom": false,
            "Mp4Optimize": true
        },
        "Mux": "m4v"
    },
    "Filters": {
        "FilterList": [
            {
                "ID": 3,
                "Settings": {
                    "block-height": "16",
                    "block-thresh": "40",
                    "block-width": "16",
                    "filter-mode": "2",
                    "mode": "3",
                    "motion-thresh": "1",
                    "spatial-metric": "2",
                    "spatial-thresh": "1"
                }
            },
            {
                "ID": 4,
                "Settings": {
                    "mode": "7"
                }
            },
            {
                "ID": 6,
                "Settings": {
                    "mode": 2,
                    "rate": "27000000/450000"
                }
            },
            {
                "ID": 11,
                "Settings": {
                    "crop-bottom": 0,
                    "crop-left": 0,
                    "crop-right": 0,
                    "crop-top": 0,
                    "height": 1080,
                    "width": 1920
                }
            }
        ]
    },
    "Metadata": {
        "Name": "VID_20160516_113817"
    },
    "PAR": {
        "Den": 1,
        "Num": 1
    },
    "SequenceID": 0,
    "Source": {
        "Angle": 0,
        "Path": "/media/moritz/Transcend/Camera/Handy Onplus One/VID_20160516_113817.mp4",
        "Range": {
            "End": 1,
            "Start": 1,
            "Type": "chapter"
        },
        "Title": 1
    },
    "Subtitle": {
        "Search": {
            "Burn": true,
            "Default": false,
            "Enable": false,
            "Forced": false
        },
        "SubtitleList": []
    },
    "Video": {
        "ColorMatrixCode": 0,
        "Encoder": "x264",
        "Level": "4.2",
        "Options": "keyint=30:min-keyint=15:ref=1:bframes=2:b-pyramid=none",
        "Preset": "medium",
        "Profile": "high",
        "QSV": {
            "AsyncDepth": 4,
            "Decode": false
        },
        "Quality": 20.0,
        "Tune": "",
        "Turbo": false,
        "TwoPass": false
    }
}
[11:02:04] CPU: Intel(R) Core(TM) i7-5500U CPU @ 2.40GHz
[11:02:04]  - Intel microarchitecture Broadwell
[11:02:04]  - logical processor count: 4
[11:02:04] hb_scan: path=/media/moritz/Transcend/Camera/Handy Onplus One/VID_20160516_113817.mp4, title_index=1
udfread ERROR: ECMA 167 Volume Recognition failed
disc.c:323: failed opening UDF image /media/moritz/Transcend/Camera/Handy Onplus One/VID_20160516_113817.mp4
disc.c:424: error opening file BDMV/index.bdmv
disc.c:424: error opening file BDMV/BACKUP/index.bdmv
[11:02:04] bd: not a bd - trying as a stream/file instead
libdvdnav: Using dvdnav version 5.0.3
libdvdread: Encrypted DVD support unavailable.
libdvdread:DVDOpenFileUDF:UDFFindFile /VIDEO_TS/VIDEO_TS.IFO failed
libdvdread:DVDOpenFileUDF:UDFFindFile /VIDEO_TS/VIDEO_TS.BUP failed
libdvdread: Can't open file VIDEO_TS.IFO.
libdvdnav: vm: failed to read VIDEO_TS.IFO
[11:02:04] dvd: not a dvd - trying as a stream/file instead
Input #0, mov,mp4,m4a,3gp,3g2,mj2, from '/media/moritz/Transcend/Camera/Handy Onplus One/VID_20160516_113817.mp4':
  Metadata:
    major_brand     : mp42
    minor_version   : 0
    compatible_brands: isommp42
    creation_time   : 2016-08-07 11:43:15
  Duration: 00:00:26.51, start: 0.000000, bitrate: 10797 kb/s
    Stream #0:0(und): Video: h264 (High) [avc1 / 0x31637661]
      yuv420p, tv, bt709/bt709/bt709
      1920x1080 [PAR 1:1 DAR 16:9], 10662 kb/s
      30 fps, 30 tbn (default)
    Metadata:
      handler_name    : VideoHandler
    Stream #0:1(eng): Audio: aac (LC) [mp4a / 0x6134706D]
      44100 Hz, stereo, fltp, 192 kb/s (default)
    Metadata:
      creation_time   : 2016-08-07 11:43:15
      handler_name    : IsoMedia File Produced by Google, 5-11-2011
[11:02:04] scan: decoding previews for title 1
[11:02:04] scan: audio 0x1: aac, rate=44100Hz, bitrate=192080 English (AAC) (2.0 ch)
[11:02:04] scan: 10 previews, 1920x1080, 29,924 fps, autocrop = 0/0/0/0, aspect 16:9, PAR 1:1
[11:02:04] libhb: scan thread found 1 valid title(s)
[11:02:04] starting job
[11:02:04] decomb filter thread started for segment 0
[11:02:04] decomb filter thread started for segment 1
[11:02:04] decomb filter thread started for segment 3
[11:02:04] decomb filter thread started for segment 2
[11:02:04] decomb check thread started for segment 0
[11:02:04] decomb check thread started for segment 1
[11:02:04] mask filter thread started for segment 1
[11:02:04] mask filter thread started for segment 3
[11:02:04] mask erode thread started for segment 0
[11:02:04] mask filter thread started for segment 0
[11:02:04] decomb check thread started for segment 3
[11:02:04] decomb check thread started for segment 2
[11:02:04] mask filter thread started for segment 2
[11:02:04] mask erode thread started for segment 1
[11:02:04] mask erode thread started for segment 2
[11:02:04] mask erode thread started for segment 3
[11:02:04] mask dilate thread started for segment 0
[11:02:04] mask dilate thread started for segment 1
[11:02:04] mask dilate thread started for segment 2
[11:02:04] mask dilate thread started for segment 3
[11:02:04] yadif thread started for segment 0
[11:02:04] yadif thread started for segment 1
[11:02:04] yadif thread started for segment 2
[11:02:04] job configuration:
[11:02:04]  * source
[11:02:04]    + /media/moritz/Transcend/Camera/Handy Onplus One/VID_20160516_113817.mp4
[11:02:04]    + title 1, chapter(s) 1 to 1
[11:02:04]    + container: mov,mp4,m4a,3gp,3g2,mj2
[11:02:04]    + data rate: 10797 kbps
[11:02:04]  * destination
[11:02:04]    + /home/moritz/Documents/VID_20160516_113817.m4v
[11:02:04]    + container: MPEG-4 (libavformat)
[11:02:04]      + optimized for HTTP streaming (fast start)
[11:02:04]      + align initial A/V stream timestamps
[11:02:04]  * video track
[11:02:04]    + decoder: h264
[11:02:04]      + bitrate 10662 kbps
[11:02:04]    + filters
[11:02:04]      + Comb Detect (mode=3:spatial-metric=2:motion-thresh=1:spatial-thresh=1:filter-mode=2:block-thresh=40:block-width=16:block-height=16)
[11:02:04]      + Decomb (mode=39)
[11:02:04]      + Framerate Shaper (mode=2:rate=27000000/450000)
[11:02:04]        + frame rate: 29,924 fps -> peak rate limited to 60,000 fps
[11:02:04]      + Crop and Scale (width=1920:height=1080:crop-top=0:crop-bottom=0:crop-left=0:crop-right=0)
[11:02:04]        + source: 1920 * 1080, crop (0/0/0/0): 1920 * 1080, scale: 1920 * 1080
[11:02:04]    + Output geometry
[11:02:04]      + storage dimensions: 1920 x 1080
[11:02:04]      + pixel aspect ratio: 1 : 1
[11:02:04]      + display dimensions: 1920 x 1080
[11:02:04]    + encoder: H.264 (libx264)
[11:02:04]      + preset:  medium
[11:02:04]      + options: keyint=30:min-keyint=15:ref=1:bframes=2:b-pyramid=none
[11:02:04]      + profile: high
[11:02:04]      + level:   4.2
[11:02:04]      + quality: 20,00 (RF)
[11:02:04]  * audio track 1
[11:02:04]    + decoder: English (AAC) (2.0 ch) (track 1, id 0x1)
[11:02:04]      + bitrate: 192 kbps, samplerate: 44100 Hz
[11:02:04]    + mixdown: Stereo
[11:02:04]    + encoder: AAC (libavcodec)
[11:02:04]      + bitrate: 320 kbps, samplerate: 48000 Hz
[11:02:04] yadif thread started for segment 3
[11:02:05] sync: expecting 793 video frames
[11:02:05] encx264: min-keyint: 15, keyint: 30
[11:02:05] encx264: encoding at constant RF 20,000000
[11:02:05] encx264: unparsed options: keyint=30:keyint-min=15:ref=1:bframes=2:b-pyramid=none:level=4.2:vbv-bufsize=78125:vbv-maxrate=62500
x264 [info]: using SAR=1/1
x264 [info]: using cpu capabilities: MMX2 SSE2Fast SSSE3 SSE4.2 AVX FMA3 BMI2 AVX2
x264 [info]: profile High, level 4.2
[11:02:05] sync: first pts video is 0
[11:02:05] sync: Chapter 1 at frame 1 time 0
[11:02:05] sync: first pts audio 0x1 is 0
[11:03:21] reader: done. 1 scr changes
[11:03:37] work: average encoding speed for job is 9,483108 fps
[11:03:37] comb detect: heavy 55 | light 49 | uncombed 685 | total 789
[11:03:37] decomb: deinterlaced 55 | blended 49 | unfiltered 685 | total 789
[11:03:37] vfr: 789 frames output, 0 dropped and 0 duped for CFR/PFR
[11:03:37] vfr: lost time: 0 (0 frames)
[11:03:37] vfr: gained time: 0 (0 frames) (0 not accounted for)
[11:03:37] aac-decoder done: 1142 frames, 0 decoder errors
[11:03:37] h264-decoder done: 789 frames, 0 decoder errors
[11:03:37] sync: got 789 frames, 793 expected
[11:03:37] sync: framerate min 10,000 fps, max 30,000 fps, avg 29,912 fps
x264 [info]: frame I:27    Avg QP:18,29  size:154591
x264 [info]: frame P:682   Avg QP:21,26  size: 56607
x264 [info]: frame B:80    Avg QP:23,26  size: 47407
x264 [info]: consecutive B-frames: 80,0% 19,3%  0,8%
x264 [info]: mb I  I16..4: 18,0% 53,4% 28,5%
x264 [info]: mb P  I16..4:  8,2% 18,7%  4,4%  P16..4: 29,9% 15,7%  7,4%  0,0%  0,0%    skip:15,7%
x264 [info]: mb B  I16..4:  4,5%  7,6%  3,0%  B16..8: 39,8% 15,8%  4,8%  direct: 6,3%  skip:18,2%  L0:61,3% L1:29,1% BI: 9,6%
x264 [info]: 8x8 transform intra:58,7% inter:43,6%
x264 [info]: coded y,uvDC,uvAC intra: 45,4% 48,7% 8,5% inter: 33,1% 21,3% 0,1%
x264 [info]: i16 v,h,dc,p: 43% 26% 17% 14%
x264 [info]: i8 v,h,dc,ddl,ddr,vr,hd,vl,hu: 30% 21% 29%  3%  3%  3%  4%  3%  4%
x264 [info]: i4 v,h,dc,ddl,ddr,vr,hd,vl,hu: 29% 20% 15%  6%  7%  6%  7%  5%  6%
x264 [info]: i8c dc,h,v,p: 56% 18% 23%  3%
x264 [info]: Weighted P-Frames: Y:5,7% UV:2,2%
x264 [info]: kb/s:14124,83
[11:03:37] mux: track 0, 789 frames, 46571483 bytes, 14041,44 kbps, fifo 256
[11:03:37] mux: track 1, 1243 frames, 1045728 bytes, 315,29 kbps, fifo 512
[11:03:37] libhb: work result = 0
